# JRE version: OpenJDK Runtime Environment (11.0.1+13) (build 11.0.1+13-Ubuntu-3ubuntu118.04ppa1)
# Java VM: OpenJDK 64-Bit Server VM (11.0.1+13-Ubuntu-3ubuntu118.04ppa1, mixed mode, sharing, tiered, compressed oops, g1 gc, linux-amd64)
Heap:
 garbage-first heap   total 103424K, used 18647K [0x00000000c3a00000, 0x0000000100000000)
  region size 1024K, 10 young (10240K), 6 survivors (6144K)
 Metaspace       used 20464K, capacity 21425K, committed 21680K, reserved 1067008K
  class space    used 2768K, capacity 3124K, committed 3248K, reserved 1048576K
GC Heap History (10 events):
Event: 0,750 GC heap before
{Heap before GC invocations=3 (full 0):
 garbage-first heap   total 65536K, used 38856K [0x00000000c3a00000, 0x0000000100000000)
  region size 1024K, 33 young (33792K), 2 survivors (2048K)
 Metaspace       used 9153K, capacity 9588K, committed 9856K, reserved 1058816K
  class space    used 1194K, capacity 1354K, committed 1408K, reserved 1048576K
}
Event: 0,778 GC heap after
{Heap after GC invocations=4 (full 0):
 garbage-first heap   total 65536K, used 8814K [0x00000000c3a00000, 0x0000000100000000)
  region size 1024K, 2 young (2048K), 2 survivors (2048K)
 Metaspace       used 9153K, capacity 9588K, committed 9856K, reserved 1058816K
  class space    used 1194K, capacity 1354K, committed 1408K, reserved 1048576K
}
Event: 1,010 GC heap before
{Heap before GC invocations=4 (full 0):
 garbage-first heap   total 65536K, used 44654K [0x00000000c3a00000, 0x0000000100000000)
  region size 1024K, 37 young (37888K), 2 survivors (2048K)
 Metaspace       used 13572K, capacity 14177K, committed 14464K, reserved 1060864K
  class space    used 1871K, capacity 2120K, committed 2176K, reserved 1048576K
}
Event: 1,016 GC heap after
{Heap after GC invocations=5 (full 0):
 garbage-first heap   total 103424K, used 10086K [0x00000000c3a00000, 0x0000000100000000)
  region size 1024K, 4 young (4096K), 4 survivors (4096K)
 Metaspace       used 13572K, capacity 14177K, committed 14464K, reserved 1060864K
  class space    used 1871K, capacity 2120K, committed 2176K, reserved 1048576K
}
Event: 1,519 GC heap before
{Heap before GC invocations=5 (full 0):
 garbage-first heap   total 103424K, used 54118K [0x00000000c3a00000, 0x0000000100000000)
  region size 1024K, 48 young (49152K), 4 survivors (4096K)
 Metaspace       used 19122K, capacity 19978K, committed 20096K, reserved 1067008K
  class space    used 2559K, capacity 2881K, committed 2944K, reserved 1048576K
}
Event: 1,530 GC heap after
{Heap after GC invocations=6 (full 0):
 garbage-first heap   total 103424K, used 12703K [0x00000000c3a00000, 0x0000000100000000)
  region size 1024K, 6 young (6144K), 6 survivors (6144K)
 Metaspace       used 19122K, capacity 19978K, committed 20096K, reserved 1067008K
  class space    used 2559K, capacity 2881K, committed 2944K, reserved 1048576K
}
Event: 1,692 GC heap before
{Heap before GC invocations=6 (full 0):
 garbage-first heap   total 103424K, used 66975K [0x00000000c3a00000, 0x0000000100000000)
  region size 1024K, 60 young (61440K), 6 survivors (6144K)
 Metaspace       used 20021K, capacity 20946K, committed 21248K, reserved 1067008K
  class space    used 2690K, capacity 3035K, committed 3072K, reserved 1048576K
}
Event: 1,698 GC heap after
{Heap after GC invocations=7 (full 0):
 garbage-first heap   total 103424K, used 14235K [0x00000000c3a00000, 0x0000000100000000)
  region size 1024K, 6 young (6144K), 6 survivors (6144K)
 Metaspace       used 20021K, capacity 20946K, committed 21248K, reserved 1067008K
  class space    used 2690K, capacity 3035K, committed 3072K, reserved 1048576K
}
Event: 1,840 GC heap before
{Heap before GC invocations=7 (full 0):
 garbage-first heap   total 103424K, used 39835K [0x00000000c3a00000, 0x0000000100000000)
  region size 1024K, 32 young (32768K), 6 survivors (6144K)
 Metaspace       used 20258K, capacity 21163K, committed 21296K, reserved 1067008K
  class space    used 2733K, capacity 3080K, committed 3120K, reserved 1048576K
}
Event: 1,852 GC heap after
{Heap after GC invocations=8 (full 0):
 garbage-first heap   total 103424K, used 15575K [0x00000000c3a00000, 0x0000000100000000)
  region size 1024K, 6 young (6144K), 6 survivors (6144K)
 Metaspace       used 20258K, capacity 21163K, committed 21296K, reserved 1067008K
  class space    used 2733K, capacity 3080K, committed 3120K, reserved 1048576K
}

